# JRE version: OpenJDK Runtime Environment (8.0_242-b01) (build 1.8.0_242-release-1644-b01)
# Java VM: OpenJDK 64-Bit Server VM (25.242-b01 mixed mode windows-amd64 compressed oops)
Heap:
 PSYoungGen      total 474112K, used 294699K [0x00000000d5580000, 0x00000000f9a80000, 0x0000000100000000)
  eden space 381952K, 76% used [0x00000000d5580000,0x00000000e7202e00,0x00000000eca80000)
  from space 92160K, 3% used [0x00000000eca80000,0x00000000ecdc8000,0x00000000f2480000)
  to   space 82944K, 0% used [0x00000000f4980000,0x00000000f4980000,0x00000000f9a80000)
 ParOldGen       total 1039872K, used 207175K [0x0000000080000000, 0x00000000bf780000, 0x00000000d5580000)
  object space 1039872K, 19% used [0x0000000080000000,0x000000008ca51c68,0x00000000bf780000)
 Metaspace       used 160010K, capacity 172657K, committed 173168K, reserved 1200128K
  class space    used 20733K, capacity 22954K, committed 23208K, reserved 1048576K
GC Heap History (10 events):
Event: 7528.098 GC heap before
{Heap before GC invocations=54 (full 5):
 PSYoungGen      total 470528K, used 396693K [0x00000000d5580000, 0x00000000f8400000, 0x0000000100000000)
  eden space 381952K, 100% used [0x00000000d5580000,0x00000000eca80000,0x00000000eca80000)
  from space 88576K, 16% used [0x00000000f2480000,0x00000000f32e5510,0x00000000f7b00000)
  to   space 92160K, 0% used [0x00000000eca80000,0x00000000eca80000,0x00000000f2480000)
 ParOldGen       total 1039872K, used 182396K [0x0000000080000000, 0x00000000bf780000, 0x00000000d5580000)
  object space 1039872K, 17% used [0x0000000080000000,0x000000008b21f328,0x00000000bf780000)
 Metaspace       used 159076K, capacity 171577K, committed 172016K, reserved 1198080K
  class space    used 20638K, capacity 22844K, committed 23080K, reserved 1048576K
Event: 7528.131 GC heap after
Heap after GC invocations=54 (full 5):
 PSYoungGen      total 474112K, used 11294K [0x00000000d5580000, 0x00000000f8400000, 0x0000000100000000)
  eden space 381952K, 0% used [0x00000000d5580000,0x00000000d5580000,0x00000000eca80000)
  from space 92160K, 12% used [0x00000000eca80000,0x00000000ed587828,0x00000000f2480000)
  to   space 88576K, 0% used [0x00000000f2480000,0x00000000f2480000,0x00000000f7b00000)
 ParOldGen       total 1039872K, used 193239K [0x0000000080000000, 0x00000000bf780000, 0x00000000d5580000)
  object space 1039872K, 18% used [0x0000000080000000,0x000000008bcb5ed8,0x00000000bf780000)
 Metaspace       used 159076K, capacity 171577K, committed 172016K, reserved 1198080K
  class space    used 20638K, capacity 22844K, committed 23080K, reserved 1048576K
}
Event: 7528.724 GC heap before
{Heap before GC invocations=55 (full 5):
 PSYoungGen      total 474112K, used 393246K [0x00000000d5580000, 0x00000000f8400000, 0x0000000100000000)
  eden space 381952K, 100% used [0x00000000d5580000,0x00000000eca80000,0x00000000eca80000)
  from space 92160K, 12% used [0x00000000eca80000,0x00000000ed587828,0x00000000f2480000)
  to   space 88576K, 0% used [0x00000000f2480000,0x00000000f2480000,0x00000000f7b00000)
 ParOldGen       total 1039872K, used 193239K [0x0000000080000000, 0x00000000bf780000, 0x00000000d5580000)
  object space 1039872K, 18% used [0x0000000080000000,0x000000008bcb5ed8,0x00000000bf780000)
 Metaspace       used 159390K, capacity 171953K, committed 172400K, reserved 1198080K
  class space    used 20672K, capacity 22892K, committed 23208K, reserved 1048576K
Event: 7528.753 GC heap after
Heap after GC invocations=55 (full 5):
 PSYoungGen      total 470528K, used 13545K [0x00000000d5580000, 0x00000000f8400000, 0x0000000100000000)
  eden space 381952K, 0% used [0x00000000d5580000,0x00000000d5580000,0x00000000eca80000)
  from space 88576K, 15% used [0x00000000f2480000,0x00000000f31ba668,0x00000000f7b00000)
  to   space 92160K, 0% used [0x00000000eca80000,0x00000000eca80000,0x00000000f2480000)
 ParOldGen       total 1039872K, used 199896K [0x0000000080000000, 0x00000000bf780000, 0x00000000d5580000)
  object space 1039872K, 19% used [0x0000000080000000,0x000000008c3363f0,0x00000000bf780000)
 Metaspace       used 159390K, capacity 171953K, committed 172400K, reserved 1198080K
  class space    used 20672K, capacity 22892K, committed 23208K, reserved 1048576K
}
Event: 7529.551 GC heap before
{Heap before GC invocations=56 (full 5):
 PSYoungGen      total 470528K, used 395497K [0x00000000d5580000, 0x00000000f8400000, 0x0000000100000000)
  eden space 381952K, 100% used [0x00000000d5580000,0x00000000eca80000,0x00000000eca80000)
  from space 88576K, 15% used [0x00000000f2480000,0x00000000f31ba668,0x00000000f7b00000)
  to   space 92160K, 0% used [0x00000000eca80000,0x00000000eca80000,0x00000000f2480000)
 ParOldGen       total 1039872K, used 199896K [0x0000000080000000, 0x00000000bf780000, 0x00000000d5580000)
  object space 1039872K, 19% used [0x0000000080000000,0x000000008c3363f0,0x00000000bf780000)
 Metaspace       used 159730K, capacity 172349K, committed 172656K, reserved 1198080K
  class space    used 20713K, capacity 22946K, committed 23208K, reserved 1048576K
Event: 7529.579 GC heap after
Heap after GC invocations=56 (full 5):
 PSYoungGen      total 474112K, used 10199K [0x00000000d5580000, 0x00000000f8400000, 0x0000000100000000)
  eden space 381952K, 0% used [0x00000000d5580000,0x00000000d5580000,0x00000000eca80000)
  from space 92160K, 11% used [0x00000000eca80000,0x00000000ed475e60,0x00000000f2480000)
  to   space 88576K, 0% used [0x00000000f2480000,0x00000000f2480000,0x00000000f7b00000)
 ParOldGen       total 1039872K, used 201680K [0x0000000080000000, 0x00000000bf780000, 0x00000000d5580000)
  object space 1039872K, 19% used [0x0000000080000000,0x000000008c4f43f0,0x00000000bf780000)
 Metaspace       used 159730K, capacity 172349K, committed 172656K, reserved 1198080K
  class space    used 20713K, capacity 22946K, committed 23208K, reserved 1048576K
}
Event: 7530.337 GC heap before
{Heap before GC invocations=57 (full 5):
 PSYoungGen      total 474112K, used 392151K [0x00000000d5580000, 0x00000000f8400000, 0x0000000100000000)
  eden space 381952K, 100% used [0x00000000d5580000,0x00000000eca80000,0x00000000eca80000)
  from space 92160K, 11% used [0x00000000eca80000,0x00000000ed475e60,0x00000000f2480000)
  to   space 88576K, 0% used [0x00000000f2480000,0x00000000f2480000,0x00000000f7b00000)
 ParOldGen       total 1039872K, used 201680K [0x0000000080000000, 0x00000000bf780000, 0x00000000d5580000)
  object space 1039872K, 19% used [0x0000000080000000,0x000000008c4f43f0,0x00000000bf780000)
 Metaspace       used 159821K, capacity 172431K, committed 172912K, reserved 1200128K
  class space    used 20728K, capacity 22953K, committed 23208K, reserved 1048576K
Event: 7530.351 GC heap after
Heap after GC invocations=57 (full 5):
 PSYoungGen      total 470528K, used 6239K [0x00000000d5580000, 0x00000000f8400000, 0x0000000100000000)
  eden space 381952K, 0% used [0x00000000d5580000,0x00000000d5580000,0x00000000eca80000)
  from space 88576K, 7% used [0x00000000f2480000,0x00000000f2a97eb0,0x00000000f7b00000)
  to   space 92160K, 0% used [0x00000000eca80000,0x00000000eca80000,0x00000000f2480000)
 ParOldGen       total 1039872K, used 204394K [0x0000000080000000, 0x00000000bf780000, 0x00000000d5580000)
  object space 1039872K, 19% used [0x0000000080000000,0x000000008c79aa98,0x00000000bf780000)
 Metaspace       used 159821K, capacity 172431K, committed 172912K, reserved 1200128K
  class space    used 20728K, capacity 22953K, committed 23208K, reserved 1048576K
}
Event: 7531.081 GC heap before
{Heap before GC invocations=58 (full 5):
 PSYoungGen      total 470528K, used 388191K [0x00000000d5580000, 0x00000000f8400000, 0x0000000100000000)
  eden space 381952K, 100% used [0x00000000d5580000,0x00000000eca80000,0x00000000eca80000)
  from space 88576K, 7% used [0x00000000f2480000,0x00000000f2a97eb0,0x00000000f7b00000)
  to   space 92160K, 0% used [0x00000000eca80000,0x00000000eca80000,0x00000000f2480000)
 ParOldGen       total 1039872K, used 204394K [0x0000000080000000, 0x00000000bf780000, 0x00000000d5580000)
  object space 1039872K, 19% used [0x0000000080000000,0x000000008c79aa98,0x00000000bf780000)
 Metaspace       used 159859K, capacity 172505K, committed 172912K, reserved 1200128K
  class space    used 20731K, capacity 22954K, committed 23208K, reserved 1048576K
Event: 7531.094 GC heap after
Heap after GC invocations=58 (full 5):
 PSYoungGen      total 474112K, used 3360K [0x00000000d5580000, 0x00000000f9a80000, 0x0000000100000000)
  eden space 381952K, 0% used [0x00000000d5580000,0x00000000d5580000,0x00000000eca80000)
  from space 92160K, 3% used [0x00000000eca80000,0x00000000ecdc8000,0x00000000f2480000)
  to   space 82944K, 0% used [0x00000000f4980000,0x00000000f4980000,0x00000000f9a80000)
 ParOldGen       total 1039872K, used 207175K [0x0000000080000000, 0x00000000bf780000, 0x00000000d5580000)
  object space 1039872K, 19% used [0x0000000080000000,0x000000008ca51c68,0x00000000bf780000)
 Metaspace       used 159859K, capacity 172505K, committed 172912K, reserved 1200128K
  class space    used 20731K, capacity 22954K, committed 23208K, reserved 1048576K
}

